<?xml version="1.0" encoding="UTF-8"?>
<testng-results ignored="0" total="2" passed="2" failed="0" skipped="0">
  <reporter-output>
  </reporter-output>
  <suite started-at="2023-03-07T08:42:24 IST" name="TestSuite" finished-at="2023-03-07T08:43:00 IST" duration-ms="36022">
    <groups>
      <group name="Rating">
        <method signature="SSLchecks.VishwasaHolidays()[pri:2, instance:testcases.SSLchecks@304bb45b]" name="VishwasaHolidays" class="testcases.SSLchecks"/>
        <method signature="SSLchecks.Wynisco()[pri:1, instance:testcases.SSLchecks@304bb45b]" name="Wynisco" class="testcases.SSLchecks"/>
      </group> <!-- Rating -->
    </groups>
    <test started-at="2023-03-07T08:42:24 IST" name="ssl" finished-at="2023-03-07T08:43:00 IST" duration-ms="36022">
      <class name="testcases.SSLchecks">
        <test-method is-config="true" signature="setup(java.lang.String)[pri:0, instance:testcases.SSLchecks@304bb45b]" started-at="2023-03-07T08:42:24 IST" name="setup" finished-at="2023-03-07T08:42:34 IST" duration-ms="9161" status="PASS">
          <params>
            <param index="0">
              <value>
                <![CDATA[chrome]]>
              </value>
            </param>
          </params>
          <reporter-output>
          </reporter-output>
        </test-method> <!-- setup -->
        <test-method signature="Wynisco()[pri:1, instance:testcases.SSLchecks@304bb45b]" started-at="2023-03-07T08:42:34 IST" name="Wynisco" finished-at="2023-03-07T08:42:41 IST" duration-ms="7416" status="PASS">
          <reporter-output>
          </reporter-output>
        </test-method> <!-- Wynisco -->
        <test-method is-config="true" signature="tearDown()[pri:0, instance:testcases.SSLchecks@304bb45b]" started-at="2023-03-07T08:42:41 IST" name="tearDown" finished-at="2023-03-07T08:42:46 IST" duration-ms="4821" status="PASS">
          <reporter-output>
          </reporter-output>
        </test-method> <!-- tearDown -->
        <test-method is-config="true" signature="setup(java.lang.String)[pri:0, instance:testcases.SSLchecks@304bb45b]" started-at="2023-03-07T08:42:46 IST" name="setup" finished-at="2023-03-07T08:42:54 IST" duration-ms="7880" status="PASS">
          <params>
            <param index="0">
              <value>
                <![CDATA[chrome]]>
              </value>
            </param>
          </params>
          <reporter-output>
          </reporter-output>
        </test-method> <!-- setup -->
        <test-method signature="VishwasaHolidays()[pri:2, instance:testcases.SSLchecks@304bb45b]" started-at="2023-03-07T08:42:54 IST" name="VishwasaHolidays" finished-at="2023-03-07T08:42:59 IST" duration-ms="5383" status="PASS">
          <reporter-output>
          </reporter-output>
        </test-method> <!-- VishwasaHolidays -->
        <test-method is-config="true" signature="tearDown()[pri:0, instance:testcases.SSLchecks@304bb45b]" started-at="2023-03-07T08:42:59 IST" name="tearDown" finished-at="2023-03-07T08:43:00 IST" duration-ms="1271" status="PASS">
          <reporter-output>
          </reporter-output>
        </test-method> <!-- tearDown -->
      </class> <!-- testcases.SSLchecks -->
    </test> <!-- ssl -->
  </suite> <!-- TestSuite -->
</testng-results>
