<?xml version="1.0" encoding="UTF-8"?>
<testng-results ignored="0" total="2" passed="2" failed="0" skipped="0">
  <reporter-output>
  </reporter-output>
  <suite started-at="2023-03-07T08:31:29 IST" name="TestSuite" finished-at="2023-03-07T08:32:11 IST" duration-ms="41354">
    <groups>
      <group name="Rating">
        <method signature="SSLchecks.VishwasaHolidays()[pri:2, instance:testcases.SSLchecks@5db6b9cd]" name="VishwasaHolidays" class="testcases.SSLchecks"/>
        <method signature="SSLchecks.Wynisco()[pri:1, instance:testcases.SSLchecks@5db6b9cd]" name="Wynisco" class="testcases.SSLchecks"/>
      </group> <!-- Rating -->
    </groups>
    <test started-at="2023-03-07T08:31:29 IST" name="ssl" finished-at="2023-03-07T08:32:11 IST" duration-ms="41354">
      <class name="testcases.SSLchecks">
        <test-method is-config="true" signature="setup(java.lang.String)[pri:0, instance:testcases.SSLchecks@5db6b9cd]" started-at="2023-03-07T08:31:29 IST" name="setup" finished-at="2023-03-07T08:31:43 IST" duration-ms="13221" status="PASS">
          <params>
            <param index="0">
              <value>
                <![CDATA[chrome]]>
              </value>
            </param>
          </params>
          <reporter-output>
          </reporter-output>
        </test-method> <!-- setup -->
        <test-method signature="Wynisco()[pri:1, instance:testcases.SSLchecks@5db6b9cd]" started-at="2023-03-07T08:31:43 IST" name="Wynisco" finished-at="2023-03-07T08:31:59 IST" duration-ms="16869" status="PASS">
          <reporter-output>
          </reporter-output>
        </test-method> <!-- Wynisco -->
        <test-method is-config="true" signature="tearDown()[pri:0, instance:testcases.SSLchecks@5db6b9cd]" started-at="2023-03-07T08:31:59 IST" name="tearDown" finished-at="2023-03-07T08:32:00 IST" duration-ms="792" status="PASS">
          <reporter-output>
          </reporter-output>
        </test-method> <!-- tearDown -->
        <test-method is-config="true" signature="setup(java.lang.String)[pri:0, instance:testcases.SSLchecks@5db6b9cd]" started-at="2023-03-07T08:32:00 IST" name="setup" finished-at="2023-03-07T08:32:06 IST" duration-ms="5361" status="PASS">
          <params>
            <param index="0">
              <value>
                <![CDATA[chrome]]>
              </value>
            </param>
          </params>
          <reporter-output>
          </reporter-output>
        </test-method> <!-- setup -->
        <test-method signature="VishwasaHolidays()[pri:2, instance:testcases.SSLchecks@5db6b9cd]" started-at="2023-03-07T08:32:06 IST" name="VishwasaHolidays" finished-at="2023-03-07T08:32:10 IST" duration-ms="4480" status="PASS">
          <reporter-output>
          </reporter-output>
        </test-method> <!-- VishwasaHolidays -->
        <test-method is-config="true" signature="tearDown()[pri:0, instance:testcases.SSLchecks@5db6b9cd]" started-at="2023-03-07T08:32:10 IST" name="tearDown" finished-at="2023-03-07T08:32:11 IST" duration-ms="535" status="PASS">
          <reporter-output>
          </reporter-output>
        </test-method> <!-- tearDown -->
      </class> <!-- testcases.SSLchecks -->
    </test> <!-- ssl -->
  </suite> <!-- TestSuite -->
</testng-results>
